<?xml version="1.0" encoding="UTF-8"?>
<!-- Generated by org.testng.reporters.JUnitReportReporter -->
<testsuite hostname="Mayank-Laptop" failures="0" tests="5" name="com.travelDemo.testCases.TC_LoginTest_001" time="70.983" errors="0" timestamp="2022-07-28T20:19:44 IST" skipped="0">
  <testcase classname="com.travelDemo.testCases.TC_LoginTest_001" name="loginTest" time="16.905"/>
  <system-out/>
  <testcase classname="com.travelDemo.testCases.TC_LoginTest_001" name="loginTest" time="14.148"/>
  <system-out/>
  <testcase classname="com.travelDemo.testCases.TC_LoginTest_001" name="loginTest" time="13.843"/>
  <system-out/>
  <testcase classname="com.travelDemo.testCases.TC_LoginTest_001" name="loginTest" time="12.640"/>
  <system-out/>
  <testcase classname="com.travelDemo.testCases.TC_LoginTest_001" name="loginTest" time="13.447"/>
  <system-out/>
</testsuite> <!-- com.travelDemo.testCases.TC_LoginTest_001 -->
